info: Server started at http://localhost:3000/api/v1/ {"timestamp":"2022-06-14T05:43:09.985Z"}
info: Connected to the database. {"timestamp":"2022-06-14T05:43:10.096Z"}
info: Server started at http://localhost:3003/api/v1/ {"timestamp":"2022-06-14T05:45:55.730Z"}
info: Connected to the database. {"timestamp":"2022-06-14T05:45:55.750Z"}
info: Server started at http://localhost:3003/api/v1/ {"timestamp":"2022-06-14T11:33:29.722Z"}
info: Connected to the database. {"timestamp":"2022-06-14T11:33:29.824Z"}
error: 
    status - 500 
    message - SyntaxError: Unexpected token f in JSON at position 6
    at JSON.parse (<anonymous>)
    at parse (C:\Users\anand\Desktop\Coder\BookStore\BookStoreBackEnd\bookstorebackend\node_modules\body-parser\lib\types\json.js:89:19)
    at C:\Users\anand\Desktop\Coder\BookStore\BookStoreBackEnd\bookstorebackend\node_modules\body-parser\lib\read.js:128:18
    at AsyncResource.runInAsyncScope (node:async_hooks:199:9)
    at invokeCallback (C:\Users\anand\Desktop\Coder\BookStore\BookStoreBackEnd\bookstorebackend\node_modules\raw-body\index.js:231:16)
    at done (C:\Users\anand\Desktop\Coder\BookStore\BookStoreBackEnd\bookstorebackend\node_modules\raw-body\index.js:220:7)
    at IncomingMessage.onEnd (C:\Users\anand\Desktop\Coder\BookStore\BookStoreBackEnd\bookstorebackend\node_modules\raw-body\index.js:280:7)
    at IncomingMessage.emit (node:events:402:35)
    at IncomingMessage.emit (node:domain:475:12)
    at endReadableNT (node:internal/streams/readable:1343:12)
    at processTicksAndRejections (node:internal/process/task_queues:83:21) 
    url - /users 
    method - POST 
    IP - ::ffff:127.0.0.1
   {"timestamp":"2022-06-14T11:35:45.387Z"}
error: 
    status - 500 
    message - SyntaxError: Unexpected token f in JSON at position 6
    at JSON.parse (<anonymous>)
    at parse (C:\Users\anand\Desktop\Coder\BookStore\BookStoreBackEnd\bookstorebackend\node_modules\body-parser\lib\types\json.js:89:19)
    at C:\Users\anand\Desktop\Coder\BookStore\BookStoreBackEnd\bookstorebackend\node_modules\body-parser\lib\read.js:128:18
    at AsyncResource.runInAsyncScope (node:async_hooks:199:9)
    at invokeCallback (C:\Users\anand\Desktop\Coder\BookStore\BookStoreBackEnd\bookstorebackend\node_modules\raw-body\index.js:231:16)
    at done (C:\Users\anand\Desktop\Coder\BookStore\BookStoreBackEnd\bookstorebackend\node_modules\raw-body\index.js:220:7)
    at IncomingMessage.onEnd (C:\Users\anand\Desktop\Coder\BookStore\BookStoreBackEnd\bookstorebackend\node_modules\raw-body\index.js:280:7)
    at IncomingMessage.emit (node:events:402:35)
    at IncomingMessage.emit (node:domain:475:12)
    at endReadableNT (node:internal/streams/readable:1343:12)
    at processTicksAndRejections (node:internal/process/task_queues:83:21) 
    url - /users/register 
    method - POST 
    IP - ::ffff:127.0.0.1
   {"timestamp":"2022-06-14T11:37:45.314Z"}
error: 
    status - 500 
    message - SyntaxError: Unexpected token f in JSON at position 6
    at JSON.parse (<anonymous>)
    at parse (C:\Users\anand\Desktop\Coder\BookStore\BookStoreBackEnd\bookstorebackend\node_modules\body-parser\lib\types\json.js:89:19)
    at C:\Users\anand\Desktop\Coder\BookStore\BookStoreBackEnd\bookstorebackend\node_modules\body-parser\lib\read.js:128:18
    at AsyncResource.runInAsyncScope (node:async_hooks:199:9)
    at invokeCallback (C:\Users\anand\Desktop\Coder\BookStore\BookStoreBackEnd\bookstorebackend\node_modules\raw-body\index.js:231:16)
    at done (C:\Users\anand\Desktop\Coder\BookStore\BookStoreBackEnd\bookstorebackend\node_modules\raw-body\index.js:220:7)
    at IncomingMessage.onEnd (C:\Users\anand\Desktop\Coder\BookStore\BookStoreBackEnd\bookstorebackend\node_modules\raw-body\index.js:280:7)
    at IncomingMessage.emit (node:events:402:35)
    at IncomingMessage.emit (node:domain:475:12)
    at endReadableNT (node:internal/streams/readable:1343:12)
    at processTicksAndRejections (node:internal/process/task_queues:83:21) 
    url - /api/v1/users/register 
    method - POST 
    IP - ::ffff:127.0.0.1
   {"timestamp":"2022-06-14T11:39:43.496Z"}
error: 
    status - 500 
    message - ValidationError: "name" is required 
    url - /api/v1/users/register 
    method - POST 
    IP - ::ffff:127.0.0.1
   {"timestamp":"2022-06-14T11:40:40.286Z"}
info: Server started at http://localhost:3003/api/v1/ {"timestamp":"2022-06-14T11:43:09.550Z"}
info: Connected to the database. {"timestamp":"2022-06-14T11:43:09.623Z"}
info: Server started at http://localhost:3003/api/v1/ {"timestamp":"2022-06-14T11:45:24.556Z"}
info: Connected to the database. {"timestamp":"2022-06-14T11:45:24.674Z"}
error: 
    status - 500 
    message - ReferenceError: HttpStatus is not defined
    at newUserValidator (C:\Users\anand\Desktop\Coder\BookStore\BookStoreBackEnd\bookstorebackend\src\validators\/user.validator.js:16:16)
    at Layer.handle [as handle_request] (C:\Users\anand\Desktop\Coder\BookStore\BookStoreBackEnd\bookstorebackend\node_modules\express\lib\router\layer.js:95:5)
    at next (C:\Users\anand\Desktop\Coder\BookStore\BookStoreBackEnd\bookstorebackend\node_modules\express\lib\router\route.js:144:13)
    at Route.dispatch (C:\Users\anand\Desktop\Coder\BookStore\BookStoreBackEnd\bookstorebackend\node_modules\express\lib\router\route.js:114:3)
    at Layer.handle [as handle_request] (C:\Users\anand\Desktop\Coder\BookStore\BookStoreBackEnd\bookstorebackend\node_modules\express\lib\router\layer.js:95:5)
    at C:\Users\anand\Desktop\Coder\BookStore\BookStoreBackEnd\bookstorebackend\node_modules\express\lib\router\index.js:284:15
    at Function.process_params (C:\Users\anand\Desktop\Coder\BookStore\BookStoreBackEnd\bookstorebackend\node_modules\express\lib\router\index.js:346:12)
    at next (C:\Users\anand\Desktop\Coder\BookStore\BookStoreBackEnd\bookstorebackend\node_modules\express\lib\router\index.js:280:10)
    at Function.handle (C:\Users\anand\Desktop\Coder\BookStore\BookStoreBackEnd\bookstorebackend\node_modules\express\lib\router\index.js:175:3)
    at router (C:\Users\anand\Desktop\Coder\BookStore\BookStoreBackEnd\bookstorebackend\node_modules\express\lib\router\index.js:47:12)
    at Layer.handle [as handle_request] (C:\Users\anand\Desktop\Coder\BookStore\BookStoreBackEnd\bookstorebackend\node_modules\express\lib\router\layer.js:95:5)
    at trim_prefix (C:\Users\anand\Desktop\Coder\BookStore\BookStoreBackEnd\bookstorebackend\node_modules\express\lib\router\index.js:328:13)
    at C:\Users\anand\Desktop\Coder\BookStore\BookStoreBackEnd\bookstorebackend\node_modules\express\lib\router\index.js:286:9
    at Function.process_params (C:\Users\anand\Desktop\Coder\BookStore\BookStoreBackEnd\bookstorebackend\node_modules\express\lib\router\index.js:346:12)
    at next (C:\Users\anand\Desktop\Coder\BookStore\BookStoreBackEnd\bookstorebackend\node_modules\express\lib\router\index.js:280:10)
    at Function.handle (C:\Users\anand\Desktop\Coder\BookStore\BookStoreBackEnd\bookstorebackend\node_modules\express\lib\router\index.js:175:3) 
    url - /api/v1/users/register 
    method - POST 
    IP - ::ffff:127.0.0.1
   {"timestamp":"2022-06-14T11:51:31.977Z"}
info: Server started at http://localhost:3003/api/v1/ {"timestamp":"2022-06-14T11:53:34.697Z"}
info: Connected to the database. {"timestamp":"2022-06-14T11:53:34.726Z"}
info: Server started at http://localhost:3003/api/v1/ {"timestamp":"2022-06-14T11:58:55.425Z"}
info: Connected to the database. {"timestamp":"2022-06-14T11:58:55.459Z"}
info: Server started at http://localhost:3003/api/v1/ {"timestamp":"2022-06-14T11:59:37.971Z"}
info: Connected to the database. {"timestamp":"2022-06-14T11:59:37.997Z"}
info: Server started at http://localhost:3003/api/v1/ {"timestamp":"2022-06-14T12:00:22.110Z"}
info: Connected to the database. {"timestamp":"2022-06-14T12:00:22.142Z"}
info: Server started at http://localhost:3003/api/v1/ {"timestamp":"2022-06-14T12:00:58.369Z"}
info: Connected to the database. {"timestamp":"2022-06-14T12:00:58.420Z"}
info: Server started at http://localhost:3003/api/v1/ {"timestamp":"2022-06-14T12:01:51.779Z"}
info: Connected to the database. {"timestamp":"2022-06-14T12:01:51.860Z"}
info: Server started at http://localhost:3003/api/v1/ {"timestamp":"2022-06-14T12:02:08.734Z"}
info: Connected to the database. {"timestamp":"2022-06-14T12:02:08.783Z"}
error: uncaughtException: bookRoute is not defined
ReferenceError: bookRoute is not defined
    at routes (C:\Users\anand\Desktop\Coder\BookStore\BookStoreBackEnd\bookstorebackend\src\routes\/index.js:15:24)
    at Object.<anonymous> (C:\Users\anand\Desktop\Coder\BookStore\BookStoreBackEnd\bookstorebackend\src\/index.js:32:32)
    at Module._compile (node:internal/modules/cjs/loader:1101:14)
    at Module._compile (C:\Users\anand\Desktop\Coder\BookStore\BookStoreBackEnd\bookstorebackend\node_modules\pirates\lib\index.js:136:24)
    at Module._extensions..js (node:internal/modules/cjs/loader:1153:10)
    at Object.newLoader [as .js] (C:\Users\anand\Desktop\Coder\BookStore\BookStoreBackEnd\bookstorebackend\node_modules\pirates\lib\index.js:141:7)
    at Module.load (node:internal/modules/cjs/loader:981:32)
    at Function.Module._load (node:internal/modules/cjs/loader:822:12)
    at Function.executeUserEntryPoint [as runMain] (node:internal/modules/run_main:81:12)
    at Object.<anonymous> (C:\Users\anand\Desktop\Coder\BookStore\BookStoreBackEnd\bookstorebackend\node_modules\@babel\node\lib\_babel-node.js:176:21)
    at Module._compile (node:internal/modules/cjs/loader:1101:14)
    at Object.Module._extensions..js (node:internal/modules/cjs/loader:1153:10)
    at Module.load (node:internal/modules/cjs/loader:981:32)
    at Function.Module._load (node:internal/modules/cjs/loader:822:12)
    at Function.executeUserEntryPoint [as runMain] (node:internal/modules/run_main:81:12)
    at node:internal/main/run_main_module:17:47 {"date":"Tue Jun 14 2022 17:32:23 GMT+0530 (India Standard Time)","error":{},"exception":true,"os":{"loadavg":[0,0,0],"uptime":1320585},"process":{"argv":["node","C:\\Users\\anand\\Desktop\\Coder\\BookStore\\BookStoreBackEnd\\bookstorebackend\\src\\index.js"],"cwd":"C:\\Users\\anand\\Desktop\\Coder\\BookStore\\BookStoreBackEnd\\bookstorebackend","execPath":"C:\\Program Files\\nodejs\\node.exe","gid":null,"memoryUsage":{"arrayBuffers":18953489,"external":31112524,"heapTotal":88821760,"heapUsed":64021664,"rss":122994688},"pid":25052,"uid":null,"version":"v16.13.2"},"stack":"ReferenceError: bookRoute is not defined\n    at routes (C:\\Users\\anand\\Desktop\\Coder\\BookStore\\BookStoreBackEnd\\bookstorebackend\\src\\routes\\/index.js:15:24)\n    at Object.<anonymous> (C:\\Users\\anand\\Desktop\\Coder\\BookStore\\BookStoreBackEnd\\bookstorebackend\\src\\/index.js:32:32)\n    at Module._compile (node:internal/modules/cjs/loader:1101:14)\n    at Module._compile (C:\\Users\\anand\\Desktop\\Coder\\BookStore\\BookStoreBackEnd\\bookstorebackend\\node_modules\\pirates\\lib\\index.js:136:24)\n    at Module._extensions..js (node:internal/modules/cjs/loader:1153:10)\n    at Object.newLoader [as .js] (C:\\Users\\anand\\Desktop\\Coder\\BookStore\\BookStoreBackEnd\\bookstorebackend\\node_modules\\pirates\\lib\\index.js:141:7)\n    at Module.load (node:internal/modules/cjs/loader:981:32)\n    at Function.Module._load (node:internal/modules/cjs/loader:822:12)\n    at Function.executeUserEntryPoint [as runMain] (node:internal/modules/run_main:81:12)\n    at Object.<anonymous> (C:\\Users\\anand\\Desktop\\Coder\\BookStore\\BookStoreBackEnd\\bookstorebackend\\node_modules\\@babel\\node\\lib\\_babel-node.js:176:21)\n    at Module._compile (node:internal/modules/cjs/loader:1101:14)\n    at Object.Module._extensions..js (node:internal/modules/cjs/loader:1153:10)\n    at Module.load (node:internal/modules/cjs/loader:981:32)\n    at Function.Module._load (node:internal/modules/cjs/loader:822:12)\n    at Function.executeUserEntryPoint [as runMain] (node:internal/modules/run_main:81:12)\n    at node:internal/main/run_main_module:17:47","timestamp":"2022-06-14T12:02:24.007Z","trace":[{"column":24,"file":"C:\\Users\\anand\\Desktop\\Coder\\BookStore\\BookStoreBackEnd\\bookstorebackend\\src\\routes\\/index.js","function":"routes","line":15,"method":null,"native":false},{"column":32,"file":"C:\\Users\\anand\\Desktop\\Coder\\BookStore\\BookStoreBackEnd\\bookstorebackend\\src\\/index.js","function":null,"line":32,"method":null,"native":false},{"column":14,"file":"node:internal/modules/cjs/loader","function":"Module._compile","line":1101,"method":"_compile","native":false},{"column":24,"file":"C:\\Users\\anand\\Desktop\\Coder\\BookStore\\BookStoreBackEnd\\bookstorebackend\\node_modules\\pirates\\lib\\index.js","function":"Module._compile","line":136,"method":"_compile","native":false},{"column":10,"file":"node:internal/modules/cjs/loader","function":"Module._extensions..js","line":1153,"method":".js","native":false},{"column":7,"file":"C:\\Users\\anand\\Desktop\\Coder\\BookStore\\BookStoreBackEnd\\bookstorebackend\\node_modules\\pirates\\lib\\index.js","function":"Object.newLoader [as .js]","line":141,"method":"js]","native":false},{"column":32,"file":"node:internal/modules/cjs/loader","function":"Module.load","line":981,"method":"load","native":false},{"column":12,"file":"node:internal/modules/cjs/loader","function":"Module._load","line":822,"method":"_load","native":false},{"column":12,"file":"node:internal/modules/run_main","function":"Function.executeUserEntryPoint [as runMain]","line":81,"method":"executeUserEntryPoint [as runMain]","native":false},{"column":21,"file":"C:\\Users\\anand\\Desktop\\Coder\\BookStore\\BookStoreBackEnd\\bookstorebackend\\node_modules\\@babel\\node\\lib\\_babel-node.js","function":null,"line":176,"method":null,"native":false},{"column":14,"file":"node:internal/modules/cjs/loader","function":"Module._compile","line":1101,"method":"_compile","native":false},{"column":10,"file":"node:internal/modules/cjs/loader","function":"Module._extensions..js","line":1153,"method":".js","native":false},{"column":32,"file":"node:internal/modules/cjs/loader","function":"Module.load","line":981,"method":"load","native":false},{"column":12,"file":"node:internal/modules/cjs/loader","function":"Module._load","line":822,"method":"_load","native":false},{"column":12,"file":"node:internal/modules/run_main","function":"Function.executeUserEntryPoint [as runMain]","line":81,"method":"executeUserEntryPoint [as runMain]","native":false},{"column":47,"file":"node:internal/main/run_main_module","function":null,"line":17,"method":null,"native":false}]}
info: Server started at http://localhost:3003/api/v1/ {"timestamp":"2022-06-14T12:04:47.843Z"}
info: Connected to the database. {"timestamp":"2022-06-14T12:04:47.888Z"}
info: Server started at http://localhost:3003/api/v1/ {"timestamp":"2022-06-14T12:07:24.173Z"}
info: Connected to the database. {"timestamp":"2022-06-14T12:07:24.201Z"}
info: Server started at http://localhost:3003/api/v1/ {"timestamp":"2022-06-14T12:07:47.653Z"}
info: Connected to the database. {"timestamp":"2022-06-14T12:07:47.703Z"}
info: Server started at http://localhost:3003/api/v1/ {"timestamp":"2022-06-14T12:09:00.520Z"}
info: Connected to the database. {"timestamp":"2022-06-14T12:09:00.560Z"}
info: Server started at http://localhost:3003/api/v1/ {"timestamp":"2022-06-14T12:56:12.691Z"}
info: Connected to the database. {"timestamp":"2022-06-14T12:56:12.777Z"}
info: Server started at http://localhost:3003/api/v1/ {"timestamp":"2022-06-14T13:03:17.444Z"}
info: Connected to the database. {"timestamp":"2022-06-14T13:03:17.495Z"}
info: Server started at http://localhost:3003/api/v1/ {"timestamp":"2022-06-14T13:03:24.431Z"}
info: Connected to the database. {"timestamp":"2022-06-14T13:03:24.493Z"}
error: 
      status - 400
      message - Authorization token is required 
      url - /api/v1/books 
      method - GET 
      IP - ::ffff:127.0.0.1
     {"timestamp":"2022-06-14T13:05:34.010Z"}
info: Server started at http://localhost:3003/api/v1/ {"timestamp":"2022-06-14T13:09:52.287Z"}
info: Connected to the database. {"timestamp":"2022-06-14T13:09:52.390Z"}
info: Server started at http://localhost:3003/api/v1/ {"timestamp":"2022-06-14T13:11:23.704Z"}
info: Connected to the database. {"timestamp":"2022-06-14T13:11:23.744Z"}
info: Server started at http://localhost:3003/api/v1/ {"timestamp":"2022-06-14T13:11:36.306Z"}
info: Connected to the database. {"timestamp":"2022-06-14T13:11:36.389Z"}
info: Server started at http://localhost:3003/api/v1/ {"timestamp":"2022-06-14T13:12:34.570Z"}
info: Connected to the database. {"timestamp":"2022-06-14T13:12:34.612Z"}
info: Server started at http://localhost:3003/api/v1/ {"timestamp":"2022-06-14T13:13:31.410Z"}
info: Connected to the database. {"timestamp":"2022-06-14T13:13:31.476Z"}
info: Server started at http://localhost:3003/api/v1/ {"timestamp":"2022-06-14T13:13:40.821Z"}
info: Connected to the database. {"timestamp":"2022-06-14T13:13:40.870Z"}
info: Server started at http://localhost:3003/api/v1/ {"timestamp":"2022-06-15T02:51:03.076Z"}
info: Connected to the database. {"timestamp":"2022-06-15T02:51:03.388Z"}
info: Server started at http://localhost:3003/api/v1/ {"timestamp":"2022-06-15T14:18:12.246Z"}
info: Connected to the database. {"timestamp":"2022-06-15T14:18:12.912Z"}
info: Server started at http://localhost:3003/api/v1/ {"timestamp":"2022-06-16T05:36:06.538Z"}
error: Could not connect to the database. connect ECONNREFUSED 127.0.0.1:27017 {"reason":{"commonWireVersion":null,"compatibilityError":null,"compatible":true,"heartbeatFrequencyMS":10000,"localThresholdMS":15,"logicalSessionTimeoutMinutes":null,"maxElectionId":null,"maxSetVersion":null,"servers":{},"setName":null,"stale":false,"type":"Single"},"stack":"MongooseServerSelectionError: connect ECONNREFUSED 127.0.0.1:27017\n    at NativeConnection.Connection.openUri (C:\\Users\\anand\\Desktop\\Coder\\BookStore\\BookStoreBackEnd\\bookstorebackend\\node_modules\\mongoose\\lib\\connection.js:847:32)\n    at C:\\Users\\anand\\Desktop\\Coder\\BookStore\\BookStoreBackEnd\\bookstorebackend\\node_modules\\mongoose\\lib\\index.js:351:10\n    at C:\\Users\\anand\\Desktop\\Coder\\BookStore\\BookStoreBackEnd\\bookstorebackend\\node_modules\\mongoose\\lib\\helpers\\promiseOrCallback.js:32:5\n    at new Promise (<anonymous>)\n    at promiseOrCallback (C:\\Users\\anand\\Desktop\\Coder\\BookStore\\BookStoreBackEnd\\bookstorebackend\\node_modules\\mongoose\\lib\\helpers\\promiseOrCallback.js:31:10)\n    at Mongoose._promiseOrCallback (C:\\Users\\anand\\Desktop\\Coder\\BookStore\\BookStoreBackEnd\\bookstorebackend\\node_modules\\mongoose\\lib\\index.js:1149:10)\n    at Mongoose.connect (C:\\Users\\anand\\Desktop\\Coder\\BookStore\\BookStoreBackEnd\\bookstorebackend\\node_modules\\mongoose\\lib\\index.js:350:20)\n    at _callee$ (C:\\Users\\anand\\Desktop\\Coder\\BookStore\\BookStoreBackEnd\\bookstorebackend\\src\\config\\/database.js:12:20)\n    at tryCatch (C:\\Users\\anand\\Desktop\\Coder\\BookStore\\BookStoreBackEnd\\bookstorebackend\\node_modules\\@babel\\runtime\\helpers\\regeneratorRuntime.js:86:17)\n    at Generator._invoke (C:\\Users\\anand\\Desktop\\Coder\\BookStore\\BookStoreBackEnd\\bookstorebackend\\node_modules\\@babel\\runtime\\helpers\\regeneratorRuntime.js:66:24)\n    at Generator.next (C:\\Users\\anand\\Desktop\\Coder\\BookStore\\BookStoreBackEnd\\bookstorebackend\\node_modules\\@babel\\runtime\\helpers\\regeneratorRuntime.js:117:21)\n    at asyncGeneratorStep (C:\\Users\\anand\\Desktop\\Coder\\BookStore\\BookStoreBackEnd\\bookstorebackend\\node_modules\\@babel\\runtime\\helpers\\asyncToGenerator.js:3:24)\n    at _next (C:\\Users\\anand\\Desktop\\Coder\\BookStore\\BookStoreBackEnd\\bookstorebackend\\node_modules\\@babel\\runtime\\helpers\\asyncToGenerator.js:25:9)\n    at C:\\Users\\anand\\Desktop\\Coder\\BookStore\\BookStoreBackEnd\\bookstorebackend\\node_modules\\@babel\\runtime\\helpers\\asyncToGenerator.js:32:7\n    at new Promise (<anonymous>)\n    at C:\\Users\\anand\\Desktop\\Coder\\BookStore\\BookStoreBackEnd\\bookstorebackend\\node_modules\\@babel\\runtime\\helpers\\asyncToGenerator.js:21:12","timestamp":"2022-06-16T05:36:36.535Z"}
info: Server started at http://localhost:3003/api/v1/ {"timestamp":"2022-06-16T05:39:30.226Z"}
info: Connected to the database. {"timestamp":"2022-06-16T05:39:30.357Z"}
info: Server started at http://localhost:3003/api/v1/ {"timestamp":"2022-06-16T09:01:23.733Z"}
info: Connected to the database. {"timestamp":"2022-06-16T09:01:23.800Z"}
error: uncaughtException: Router.use() requires a middleware function but got a Object
TypeError: Router.use() requires a middleware function but got a Object
    at Function.use (C:\Users\anand\Desktop\Coder\BookStore\BookStoreBackEnd\bookstorebackend\node_modules\express\lib\router\index.js:469:13)
    at routes (C:\Users\anand\Desktop\Coder\BookStore\BookStoreBackEnd\bookstorebackend\src\routes\/index.js:18:10)
    at Object.<anonymous> (C:\Users\anand\Desktop\Coder\BookStore\BookStoreBackEnd\bookstorebackend\src\/index.js:32:32)
    at Module._compile (node:internal/modules/cjs/loader:1101:14)
    at Module._compile (C:\Users\anand\Desktop\Coder\BookStore\BookStoreBackEnd\bookstorebackend\node_modules\pirates\lib\index.js:136:24)
    at Module._extensions..js (node:internal/modules/cjs/loader:1153:10)
    at Object.newLoader [as .js] (C:\Users\anand\Desktop\Coder\BookStore\BookStoreBackEnd\bookstorebackend\node_modules\pirates\lib\index.js:141:7)
    at Module.load (node:internal/modules/cjs/loader:981:32)
    at Function.Module._load (node:internal/modules/cjs/loader:822:12)
    at Function.executeUserEntryPoint [as runMain] (node:internal/modules/run_main:81:12)
    at Object.<anonymous> (C:\Users\anand\Desktop\Coder\BookStore\BookStoreBackEnd\bookstorebackend\node_modules\@babel\node\lib\_babel-node.js:176:21)
    at Module._compile (node:internal/modules/cjs/loader:1101:14)
    at Object.Module._extensions..js (node:internal/modules/cjs/loader:1153:10)
    at Module.load (node:internal/modules/cjs/loader:981:32)
    at Function.Module._load (node:internal/modules/cjs/loader:822:12)
    at Function.executeUserEntryPoint [as runMain] (node:internal/modules/run_main:81:12) {"date":"Thu Jun 16 2022 14:31:45 GMT+0530 (India Standard Time)","error":{},"exception":true,"os":{"loadavg":[0,0,0],"uptime":15208},"process":{"argv":["node","C:\\Users\\anand\\Desktop\\Coder\\BookStore\\BookStoreBackEnd\\bookstorebackend\\src\\index.js"],"cwd":"C:\\Users\\anand\\Desktop\\Coder\\BookStore\\BookStoreBackEnd\\bookstorebackend","execPath":"C:\\Program Files\\nodejs\\node.exe","gid":null,"memoryUsage":{"arrayBuffers":18815364,"external":31289318,"heapTotal":90394624,"heapUsed":61828336,"rss":124760064},"pid":11568,"uid":null,"version":"v16.13.2"},"stack":"TypeError: Router.use() requires a middleware function but got a Object\n    at Function.use (C:\\Users\\anand\\Desktop\\Coder\\BookStore\\BookStoreBackEnd\\bookstorebackend\\node_modules\\express\\lib\\router\\index.js:469:13)\n    at routes (C:\\Users\\anand\\Desktop\\Coder\\BookStore\\BookStoreBackEnd\\bookstorebackend\\src\\routes\\/index.js:18:10)\n    at Object.<anonymous> (C:\\Users\\anand\\Desktop\\Coder\\BookStore\\BookStoreBackEnd\\bookstorebackend\\src\\/index.js:32:32)\n    at Module._compile (node:internal/modules/cjs/loader:1101:14)\n    at Module._compile (C:\\Users\\anand\\Desktop\\Coder\\BookStore\\BookStoreBackEnd\\bookstorebackend\\node_modules\\pirates\\lib\\index.js:136:24)\n    at Module._extensions..js (node:internal/modules/cjs/loader:1153:10)\n    at Object.newLoader [as .js] (C:\\Users\\anand\\Desktop\\Coder\\BookStore\\BookStoreBackEnd\\bookstorebackend\\node_modules\\pirates\\lib\\index.js:141:7)\n    at Module.load (node:internal/modules/cjs/loader:981:32)\n    at Function.Module._load (node:internal/modules/cjs/loader:822:12)\n    at Function.executeUserEntryPoint [as runMain] (node:internal/modules/run_main:81:12)\n    at Object.<anonymous> (C:\\Users\\anand\\Desktop\\Coder\\BookStore\\BookStoreBackEnd\\bookstorebackend\\node_modules\\@babel\\node\\lib\\_babel-node.js:176:21)\n    at Module._compile (node:internal/modules/cjs/loader:1101:14)\n    at Object.Module._extensions..js (node:internal/modules/cjs/loader:1153:10)\n    at Module.load (node:internal/modules/cjs/loader:981:32)\n    at Function.Module._load (node:internal/modules/cjs/loader:822:12)\n    at Function.executeUserEntryPoint [as runMain] (node:internal/modules/run_main:81:12)","timestamp":"2022-06-16T09:01:45.479Z","trace":[{"column":13,"file":"C:\\Users\\anand\\Desktop\\Coder\\BookStore\\BookStoreBackEnd\\bookstorebackend\\node_modules\\express\\lib\\router\\index.js","function":"Function.use","line":469,"method":"use","native":false},{"column":10,"file":"C:\\Users\\anand\\Desktop\\Coder\\BookStore\\BookStoreBackEnd\\bookstorebackend\\src\\routes\\/index.js","function":"routes","line":18,"method":null,"native":false},{"column":32,"file":"C:\\Users\\anand\\Desktop\\Coder\\BookStore\\BookStoreBackEnd\\bookstorebackend\\src\\/index.js","function":null,"line":32,"method":null,"native":false},{"column":14,"file":"node:internal/modules/cjs/loader","function":"Module._compile","line":1101,"method":"_compile","native":false},{"column":24,"file":"C:\\Users\\anand\\Desktop\\Coder\\BookStore\\BookStoreBackEnd\\bookstorebackend\\node_modules\\pirates\\lib\\index.js","function":"Module._compile","line":136,"method":"_compile","native":false},{"column":10,"file":"node:internal/modules/cjs/loader","function":"Module._extensions..js","line":1153,"method":".js","native":false},{"column":7,"file":"C:\\Users\\anand\\Desktop\\Coder\\BookStore\\BookStoreBackEnd\\bookstorebackend\\node_modules\\pirates\\lib\\index.js","function":"Object.newLoader [as .js]","line":141,"method":"js]","native":false},{"column":32,"file":"node:internal/modules/cjs/loader","function":"Module.load","line":981,"method":"load","native":false},{"column":12,"file":"node:internal/modules/cjs/loader","function":"Module._load","line":822,"method":"_load","native":false},{"column":12,"file":"node:internal/modules/run_main","function":"Function.executeUserEntryPoint [as runMain]","line":81,"method":"executeUserEntryPoint [as runMain]","native":false},{"column":21,"file":"C:\\Users\\anand\\Desktop\\Coder\\BookStore\\BookStoreBackEnd\\bookstorebackend\\node_modules\\@babel\\node\\lib\\_babel-node.js","function":null,"line":176,"method":null,"native":false},{"column":14,"file":"node:internal/modules/cjs/loader","function":"Module._compile","line":1101,"method":"_compile","native":false},{"column":10,"file":"node:internal/modules/cjs/loader","function":"Module._extensions..js","line":1153,"method":".js","native":false},{"column":32,"file":"node:internal/modules/cjs/loader","function":"Module.load","line":981,"method":"load","native":false},{"column":12,"file":"node:internal/modules/cjs/loader","function":"Module._load","line":822,"method":"_load","native":false},{"column":12,"file":"node:internal/modules/run_main","function":"Function.executeUserEntryPoint [as runMain]","line":81,"method":"executeUserEntryPoint [as runMain]","native":false}]}
info: Server started at http://localhost:3003/api/v1/ {"timestamp":"2022-06-16T09:23:15.038Z"}
info: Connected to the database. {"timestamp":"2022-06-16T09:23:15.098Z"}
info: Server started at http://localhost:3003/api/v1/ {"timestamp":"2022-06-16T09:24:56.278Z"}
info: Connected to the database. {"timestamp":"2022-06-16T09:24:56.309Z"}
error: uncaughtException: HttpStatus is not defined
ReferenceError: HttpStatus is not defined
    at _callee$ (C:\Users\anand\Desktop\Coder\BookStore\BookStoreBackEnd\bookstorebackend\src\controllers\/cart.controller.js:14:18)
    at tryCatch (C:\Users\anand\Desktop\Coder\BookStore\BookStoreBackEnd\bookstorebackend\node_modules\@babel\runtime\helpers\regeneratorRuntime.js:86:17)
    at Generator._invoke (C:\Users\anand\Desktop\Coder\BookStore\BookStoreBackEnd\bookstorebackend\node_modules\@babel\runtime\helpers\regeneratorRuntime.js:66:24)
    at Generator.next (C:\Users\anand\Desktop\Coder\BookStore\BookStoreBackEnd\bookstorebackend\node_modules\@babel\runtime\helpers\regeneratorRuntime.js:117:21)
    at asyncGeneratorStep (C:\Users\anand\Desktop\Coder\BookStore\BookStoreBackEnd\bookstorebackend\node_modules\@babel\runtime\helpers\asyncToGenerator.js:3:24)
    at _next (C:\Users\anand\Desktop\Coder\BookStore\BookStoreBackEnd\bookstorebackend\node_modules\@babel\runtime\helpers\asyncToGenerator.js:25:9)
    at processTicksAndRejections (node:internal/process/task_queues:96:5) {"date":"Thu Jun 16 2022 14:56:17 GMT+0530 (India Standard Time)","error":{},"exception":true,"os":{"loadavg":[0,0,0],"uptime":16680},"process":{"argv":["node","C:\\Users\\anand\\Desktop\\Coder\\BookStore\\BookStoreBackEnd\\bookstorebackend\\src\\index.js"],"cwd":"C:\\Users\\anand\\Desktop\\Coder\\BookStore\\BookStoreBackEnd\\bookstorebackend","execPath":"C:\\Program Files\\nodejs\\node.exe","gid":null,"memoryUsage":{"arrayBuffers":18298697,"external":19837463,"heapTotal":50024448,"heapUsed":45784368,"rss":83611648},"pid":17160,"uid":null,"version":"v16.13.2"},"stack":"ReferenceError: HttpStatus is not defined\n    at _callee$ (C:\\Users\\anand\\Desktop\\Coder\\BookStore\\BookStoreBackEnd\\bookstorebackend\\src\\controllers\\/cart.controller.js:14:18)\n    at tryCatch (C:\\Users\\anand\\Desktop\\Coder\\BookStore\\BookStoreBackEnd\\bookstorebackend\\node_modules\\@babel\\runtime\\helpers\\regeneratorRuntime.js:86:17)\n    at Generator._invoke (C:\\Users\\anand\\Desktop\\Coder\\BookStore\\BookStoreBackEnd\\bookstorebackend\\node_modules\\@babel\\runtime\\helpers\\regeneratorRuntime.js:66:24)\n    at Generator.next (C:\\Users\\anand\\Desktop\\Coder\\BookStore\\BookStoreBackEnd\\bookstorebackend\\node_modules\\@babel\\runtime\\helpers\\regeneratorRuntime.js:117:21)\n    at asyncGeneratorStep (C:\\Users\\anand\\Desktop\\Coder\\BookStore\\BookStoreBackEnd\\bookstorebackend\\node_modules\\@babel\\runtime\\helpers\\asyncToGenerator.js:3:24)\n    at _next (C:\\Users\\anand\\Desktop\\Coder\\BookStore\\BookStoreBackEnd\\bookstorebackend\\node_modules\\@babel\\runtime\\helpers\\asyncToGenerator.js:25:9)\n    at processTicksAndRejections (node:internal/process/task_queues:96:5)","timestamp":"2022-06-16T09:26:17.151Z","trace":[{"column":18,"file":"C:\\Users\\anand\\Desktop\\Coder\\BookStore\\BookStoreBackEnd\\bookstorebackend\\src\\controllers\\/cart.controller.js","function":"_callee$","line":14,"method":null,"native":false},{"column":17,"file":"C:\\Users\\anand\\Desktop\\Coder\\BookStore\\BookStoreBackEnd\\bookstorebackend\\node_modules\\@babel\\runtime\\helpers\\regeneratorRuntime.js","function":"tryCatch","line":86,"method":null,"native":false},{"column":24,"file":"C:\\Users\\anand\\Desktop\\Coder\\BookStore\\BookStoreBackEnd\\bookstorebackend\\node_modules\\@babel\\runtime\\helpers\\regeneratorRuntime.js","function":"Generator._invoke","line":66,"method":"_invoke","native":false},{"column":21,"file":"C:\\Users\\anand\\Desktop\\Coder\\BookStore\\BookStoreBackEnd\\bookstorebackend\\node_modules\\@babel\\runtime\\helpers\\regeneratorRuntime.js","function":"Generator.next","line":117,"method":"next","native":false},{"column":24,"file":"C:\\Users\\anand\\Desktop\\Coder\\BookStore\\BookStoreBackEnd\\bookstorebackend\\node_modules\\@babel\\runtime\\helpers\\asyncToGenerator.js","function":"asyncGeneratorStep","line":3,"method":null,"native":false},{"column":9,"file":"C:\\Users\\anand\\Desktop\\Coder\\BookStore\\BookStoreBackEnd\\bookstorebackend\\node_modules\\@babel\\runtime\\helpers\\asyncToGenerator.js","function":"_next","line":25,"method":null,"native":false},{"column":5,"file":"node:internal/process/task_queues","function":"processTicksAndRejections","line":96,"method":null,"native":false}]}
info: Server started at http://localhost:3003/api/v1/ {"timestamp":"2022-06-16T09:26:49.744Z"}
info: Connected to the database. {"timestamp":"2022-06-16T09:26:49.769Z"}
info: Server started at http://localhost:3003/api/v1/ {"timestamp":"2022-06-16T09:29:26.013Z"}
info: Connected to the database. {"timestamp":"2022-06-16T09:29:26.064Z"}
info: Server started at http://localhost:3003/api/v1/ {"timestamp":"2022-06-16T09:30:45.513Z"}
info: Connected to the database. {"timestamp":"2022-06-16T09:30:45.538Z"}
error: 
    status - 500 
    message - SyntaxError: Unexpected token f in JSON at position 6
    at JSON.parse (<anonymous>)
    at parse (C:\Users\anand\Desktop\Coder\BookStore\BookStoreBackEnd\bookstorebackend\node_modules\body-parser\lib\types\json.js:89:19)
    at C:\Users\anand\Desktop\Coder\BookStore\BookStoreBackEnd\bookstorebackend\node_modules\body-parser\lib\read.js:128:18
    at AsyncResource.runInAsyncScope (node:async_hooks:199:9)
    at invokeCallback (C:\Users\anand\Desktop\Coder\BookStore\BookStoreBackEnd\bookstorebackend\node_modules\raw-body\index.js:231:16)
    at done (C:\Users\anand\Desktop\Coder\BookStore\BookStoreBackEnd\bookstorebackend\node_modules\raw-body\index.js:220:7)
    at IncomingMessage.onEnd (C:\Users\anand\Desktop\Coder\BookStore\BookStoreBackEnd\bookstorebackend\node_modules\raw-body\index.js:280:7)
    at IncomingMessage.emit (node:events:402:35)
    at IncomingMessage.emit (node:domain:475:12)
    at endReadableNT (node:internal/streams/readable:1343:12)
    at processTicksAndRejections (node:internal/process/task_queues:83:21) 
    url - /api/v1/ 
    method - GET 
    IP - ::ffff:127.0.0.1
   {"timestamp":"2022-06-16T09:31:57.629Z"}
info: Server started at http://localhost:3003/api/v1/ {"timestamp":"2022-06-16T09:33:36.426Z"}
info: Connected to the database. {"timestamp":"2022-06-16T09:33:36.463Z"}
info: Server started at http://localhost:3003/api/v1/ {"timestamp":"2022-06-16T09:34:39.285Z"}
info: Connected to the database. {"timestamp":"2022-06-16T09:34:39.325Z"}
info: Server started at http://localhost:3003/api/v1/ {"timestamp":"2022-06-16T09:36:15.433Z"}
info: Connected to the database. {"timestamp":"2022-06-16T09:36:15.468Z"}
info: Server started at http://localhost:3003/api/v1/ {"timestamp":"2022-06-16T09:37:38.496Z"}
info: Connected to the database. {"timestamp":"2022-06-16T09:37:38.538Z"}
info: Server started at http://localhost:3003/api/v1/ {"timestamp":"2022-06-16T09:37:44.155Z"}
info: Connected to the database. {"timestamp":"2022-06-16T09:37:44.397Z"}
info: Server started at http://localhost:3003/api/v1/ {"timestamp":"2022-06-16T09:38:45.023Z"}
info: Connected to the database. {"timestamp":"2022-06-16T09:38:45.059Z"}
info: Server started at http://localhost:3003/api/v1/ {"timestamp":"2022-06-16T09:39:23.957Z"}
info: Connected to the database. {"timestamp":"2022-06-16T09:39:24.004Z"}
info: Server started at http://localhost:3003/api/v1/ {"timestamp":"2022-06-16T09:39:44.683Z"}
info: Connected to the database. {"timestamp":"2022-06-16T09:39:44.727Z"}
info: Server started at http://localhost:3003/api/v1/ {"timestamp":"2022-06-16T09:39:52.069Z"}
info: Connected to the database. {"timestamp":"2022-06-16T09:39:52.120Z"}
info: Server started at http://localhost:3003/api/v1/ {"timestamp":"2022-06-16T09:42:10.818Z"}
info: Connected to the database. {"timestamp":"2022-06-16T09:42:10.848Z"}
info: Server started at http://localhost:3003/api/v1/ {"timestamp":"2022-06-16T09:45:35.609Z"}
info: Connected to the database. {"timestamp":"2022-06-16T09:45:35.647Z"}
info: Server started at http://localhost:3003/api/v1/ {"timestamp":"2022-06-16T09:46:14.714Z"}
info: Connected to the database. {"timestamp":"2022-06-16T09:46:14.765Z"}
info: Server started at http://localhost:3003/api/v1/ {"timestamp":"2022-06-16T09:46:29.596Z"}
info: Connected to the database. {"timestamp":"2022-06-16T09:46:29.640Z"}
info: Server started at http://localhost:3003/api/v1/ {"timestamp":"2022-06-16T09:47:09.313Z"}
info: Connected to the database. {"timestamp":"2022-06-16T09:47:09.354Z"}
info: Server started at http://localhost:3003/api/v1/ {"timestamp":"2022-06-16T09:54:19.339Z"}
info: Connected to the database. {"timestamp":"2022-06-16T09:54:19.375Z"}
info: Server started at http://localhost:3003/api/v1/ {"timestamp":"2022-06-16T10:32:53.865Z"}
info: Connected to the database. {"timestamp":"2022-06-16T10:32:53.927Z"}
info: Server started at http://localhost:3003/api/v1/ {"timestamp":"2022-06-16T10:33:11.014Z"}
info: Connected to the database. {"timestamp":"2022-06-16T10:33:11.042Z"}
info: Server started at http://localhost:3003/api/v1/ {"timestamp":"2022-06-16T10:34:57.542Z"}
info: Connected to the database. {"timestamp":"2022-06-16T10:34:57.577Z"}
info: Server started at http://localhost:3003/api/v1/ {"timestamp":"2022-06-16T10:36:05.627Z"}
info: Connected to the database. {"timestamp":"2022-06-16T10:36:05.667Z"}
info: Server started at http://localhost:3003/api/v1/ {"timestamp":"2022-06-16T10:37:50.750Z"}
info: Connected to the database. {"timestamp":"2022-06-16T10:37:50.803Z"}
info: Server started at http://localhost:3003/api/v1/ {"timestamp":"2022-06-16T10:39:25.822Z"}
info: Connected to the database. {"timestamp":"2022-06-16T10:39:25.859Z"}
info: Server started at http://localhost:3003/api/v1/ {"timestamp":"2022-06-16T10:40:06.645Z"}
info: Connected to the database. {"timestamp":"2022-06-16T10:40:06.695Z"}
info: Server started at http://localhost:3003/api/v1/ {"timestamp":"2022-06-16T10:42:37.024Z"}
info: Connected to the database. {"timestamp":"2022-06-16T10:42:37.081Z"}
info: Server started at http://localhost:3003/api/v1/ {"timestamp":"2022-06-16T10:46:17.371Z"}
info: Connected to the database. {"timestamp":"2022-06-16T10:46:17.401Z"}
info: Server started at http://localhost:3003/api/v1/ {"timestamp":"2022-06-16T10:49:06.407Z"}
info: Connected to the database. {"timestamp":"2022-06-16T10:49:06.448Z"}
info: Server started at http://localhost:3003/api/v1/ {"timestamp":"2022-06-16T10:50:53.547Z"}
info: Connected to the database. {"timestamp":"2022-06-16T10:50:53.593Z"}
info: Server started at http://localhost:3003/api/v1/ {"timestamp":"2022-06-16T10:52:06.340Z"}
info: Connected to the database. {"timestamp":"2022-06-16T10:52:06.381Z"}
info: Server started at http://localhost:3003/api/v1/ {"timestamp":"2022-06-16T10:52:47.631Z"}
info: Connected to the database. {"timestamp":"2022-06-16T10:52:47.671Z"}
info: Server started at http://localhost:3003/api/v1/ {"timestamp":"2022-06-16T11:02:06.770Z"}
info: Connected to the database. {"timestamp":"2022-06-16T11:02:06.798Z"}
info: Server started at http://localhost:3003/api/v1/ {"timestamp":"2022-06-16T11:05:02.453Z"}
info: Connected to the database. {"timestamp":"2022-06-16T11:05:02.480Z"}
info: Server started at http://localhost:3003/api/v1/ {"timestamp":"2022-06-16T11:05:45.344Z"}
info: Connected to the database. {"timestamp":"2022-06-16T11:05:45.382Z"}
info: Server started at http://localhost:3003/api/v1/ {"timestamp":"2022-06-16T11:09:10.880Z"}
info: Connected to the database. {"timestamp":"2022-06-16T11:09:10.904Z"}
info: Server started at http://localhost:3003/api/v1/ {"timestamp":"2022-06-16T11:09:21.393Z"}
info: Connected to the database. {"timestamp":"2022-06-16T11:09:21.443Z"}
info: Server started at http://localhost:3003/api/v1/ {"timestamp":"2022-06-16T11:13:08.480Z"}
info: Connected to the database. {"timestamp":"2022-06-16T11:13:08.562Z"}
info: Server started at http://localhost:3003/api/v1/ {"timestamp":"2022-06-16T11:14:54.096Z"}
info: Connected to the database. {"timestamp":"2022-06-16T11:14:54.153Z"}
info: Server started at http://localhost:3003/api/v1/ {"timestamp":"2022-06-16T11:15:40.630Z"}
info: Connected to the database. {"timestamp":"2022-06-16T11:15:40.662Z"}
info: Server started at http://localhost:3003/api/v1/ {"timestamp":"2022-06-16T11:16:20.326Z"}
info: Connected to the database. {"timestamp":"2022-06-16T11:16:20.354Z"}
info: Server started at http://localhost:3003/api/v1/ {"timestamp":"2022-06-16T11:16:52.214Z"}
info: Connected to the database. {"timestamp":"2022-06-16T11:16:52.240Z"}
info: Server started at http://localhost:3003/api/v1/ {"timestamp":"2022-06-16T11:18:04.079Z"}
info: Connected to the database. {"timestamp":"2022-06-16T11:18:04.127Z"}
info: Server started at http://localhost:3003/api/v1/ {"timestamp":"2022-06-16T11:22:13.100Z"}
info: Connected to the database. {"timestamp":"2022-06-16T11:22:13.131Z"}
info: Server started at http://localhost:3003/api/v1/ {"timestamp":"2022-06-16T11:22:18.859Z"}
info: Connected to the database. {"timestamp":"2022-06-16T11:22:18.907Z"}
info: Server started at http://localhost:3003/api/v1/ {"timestamp":"2022-06-16T11:22:58.674Z"}
info: Connected to the database. {"timestamp":"2022-06-16T11:22:58.704Z"}
info: Server started at http://localhost:3003/api/v1/ {"timestamp":"2022-06-16T11:23:14.487Z"}
info: Connected to the database. {"timestamp":"2022-06-16T11:23:14.514Z"}
info: Server started at http://localhost:3003/api/v1/ {"timestamp":"2022-06-16T11:24:24.838Z"}
info: Connected to the database. {"timestamp":"2022-06-16T11:24:24.868Z"}
info: Server started at http://localhost:3003/api/v1/ {"timestamp":"2022-06-16T11:25:36.005Z"}
info: Connected to the database. {"timestamp":"2022-06-16T11:25:36.049Z"}
info: Server started at http://localhost:3003/api/v1/ {"timestamp":"2022-06-16T11:27:20.749Z"}
info: Connected to the database. {"timestamp":"2022-06-16T11:27:20.840Z"}
info: Server started at http://localhost:3003/api/v1/ {"timestamp":"2022-06-16T11:39:43.210Z"}
info: Connected to the database. {"timestamp":"2022-06-16T11:39:43.248Z"}
info: Server started at http://localhost:3003/api/v1/ {"timestamp":"2022-06-16T11:46:25.700Z"}
info: Connected to the database. {"timestamp":"2022-06-16T11:46:25.752Z"}
info: Server started at http://localhost:3003/api/v1/ {"timestamp":"2022-06-16T11:48:32.267Z"}
info: Connected to the database. {"timestamp":"2022-06-16T11:48:32.311Z"}
info: Server started at http://localhost:3003/api/v1/ {"timestamp":"2022-06-16T11:51:51.865Z"}
info: Connected to the database. {"timestamp":"2022-06-16T11:51:51.905Z"}
info: Server started at http://localhost:3003/api/v1/ {"timestamp":"2022-06-16T11:52:42.773Z"}
info: Connected to the database. {"timestamp":"2022-06-16T11:52:42.841Z"}
info: Server started at http://localhost:3003/api/v1/ {"timestamp":"2022-06-16T12:33:56.730Z"}
info: Connected to the database. {"timestamp":"2022-06-16T12:33:56.847Z"}
info: Server started at http://localhost:3003/api/v1/ {"timestamp":"2022-06-16T12:35:49.805Z"}
info: Connected to the database. {"timestamp":"2022-06-16T12:35:49.845Z"}
info: Server started at http://localhost:3003/api/v1/ {"timestamp":"2022-06-16T12:36:59.512Z"}
info: Connected to the database. {"timestamp":"2022-06-16T12:36:59.554Z"}
info: Server started at http://localhost:3003/api/v1/ {"timestamp":"2022-06-16T14:49:03.066Z"}
info: Connected to the database. {"timestamp":"2022-06-16T14:49:03.091Z"}
info: Server started at http://localhost:3003/api/v1/ {"timestamp":"2022-06-16T14:51:41.465Z"}
info: Connected to the database. {"timestamp":"2022-06-16T14:51:41.492Z"}
info: Server started at http://localhost:3003/api/v1/ {"timestamp":"2022-06-17T02:32:20.830Z"}
info: Connected to the database. {"timestamp":"2022-06-17T02:32:20.996Z"}
info: Server started at http://localhost:3003/api/v1/ {"timestamp":"2022-06-17T02:33:29.513Z"}
info: Connected to the database. {"timestamp":"2022-06-17T02:33:29.631Z"}
info: Server started at http://localhost:3003/api/v1/ {"timestamp":"2022-06-17T02:39:13.847Z"}
info: Connected to the database. {"timestamp":"2022-06-17T02:39:14.010Z"}
